
===================================================
 Date: Mon, 19 Jan 2009 02:40:21 +0000
 Error Number: 145
 Error: Table '.\installerv1\users' is marked as crashed and should be repaired
 IP Address: 127.0.0.1
 in file C:\AppServ\www\include\bittorrent.php on line 347
 URL:/shoutbox.php
 Username: []
===================================================
 Date: Mon, 19 Jan 2009 08:03:33 +0000
 Error Number: 145
 Error: Table '.\installerv1\users' is marked as crashed and should be repaired
 IP Address: 127.0.0.1
 in file C:\AppServ\www\include\bittorrent.php on line 347
 URL:/shoutbox.php
 Username: []
===================================================
 Date: Mon, 19 Jan 2009 17:37:09 +0000
 Error Number: 145
 Error: Table '.\installerv1\users' is marked as crashed and should be repaired
 IP Address: 127.0.0.1
 in file C:\AppServ\www\include\bittorrent.php on line 347
 URL:/staff.php
 Username: []
===================================================
 Date: Mon, 19 Jan 2009 17:37:16 +0000
 Error Number: 145
 Error: Table '.\installerv1\users' is marked as crashed and should be repaired
 IP Address: 127.0.0.1
 in file C:\AppServ\www\include\bittorrent.php on line 347
 URL:/index.php
 Username: []
===================================================
 Date: Mon, 19 Jan 2009 18:53:22 +0000
 Error Number: 1054
 Error: Unknown column 'id' in 'where clause'
 IP Address: 127.0.0.1
 in file C:\AppServ\www\forumadmin.php on line 21
 URL:/forumadmin.php?go
 Username: Admin[1]
===================================================
 Date: Mon, 19 Jan 2009 18:56:01 +0000
 Error Number: 1054
 Error: Unknown column 'forum_online' in 'field list'
 IP Address: 127.0.0.1
 in file C:\AppServ\www\forumadmin.php on line 21
 URL:/forumadmin.php?go
 Username: Admin[1]